#
# A fatal error has been detected by the Java Runtime Environment:
#
#  Internal Error (javaClasses.cpp:126), pid=7724, tid=9816
#  fatal error: Invalid layout of preloaded class
#
# JRE version:  (8.0_25-b18) (build )
# Java VM: Java HotSpot(TM) 64-Bit Server VM (25.25-b02 mixed mode windows-amd64 compressed oops)
# Failed to write core dump. Minidumps are not enabled by default on client versions of Windows
#
# If you would like to submit a bug report, please visit:
#   http://bugreport.sun.com/bugreport/crash.jsp
#

---------------  T H R E A D  ---------------

Current thread (0x0000000001d90800):  JavaThread "Unknown thread" [_thread_in_vm, id=9816, stack(0x0000000001c50000,0x0000000001d50000)]

Stack: [0x0000000001c50000,0x0000000001d50000]
Native frames: (J=compiled Java code, j=interpreted, Vv=VM code, C=native code)
V  [jvm.dll+0x31667a]
V  [jvm.dll+0x267073]
V  [jvm.dll+0x267cb3]
V  [jvm.dll+0x25f536]
V  [jvm.dll+0x5e773]
V  [jvm.dll+0x5e863]
V  [jvm.dll+0x731ca]
V  [jvm.dll+0x73528]
V  [jvm.dll+0xe48b7]
V  [jvm.dll+0xe4c46]
V  [jvm.dll+0x1f9ae7]
V  [jvm.dll+0x22b2e4]
V  [jvm.dll+0x14d571]
C  [javaw.exe+0x20c6]
C  [javaw.exe+0xc9eb]
C  [javaw.exe+0xca7f]
C  [KERNEL32.DLL+0x16ad]
C  [ntdll.dll+0x54409]


---------------  P R O C E S S  ---------------

Java Threads: ( => current thread )

Other Threads:

=>0x0000000001d90800 (exited) JavaThread "Unknown thread" [_thread_in_vm, id=9816, stack(0x0000000001c50000,0x0000000001d50000)]

VM state:not at safepoint (not fully initialized)

VM Mutex/Monitor currently owned by a thread: None

GC Heap History (0 events):
No events

Deoptimization events (0 events):
No events

Internal exceptions (0 events):
No events

Events (10 events):
Event: 0.012 loading class java/lang/CharSequence done
Event: 0.012 loading class java/lang/String done
Event: 0.012 loading class java/lang/Class
Event: 0.012 loading class java/lang/reflect/AnnotatedElement
Event: 0.012 loading class java/lang/reflect/AnnotatedElement done
Event: 0.012 loading class java/lang/reflect/GenericDeclaration
Event: 0.012 loading class java/lang/reflect/GenericDeclaration done
Event: 0.012 loading class java/lang/reflect/Type
Event: 0.012 loading class java/lang/reflect/Type done
Event: 0.012 loading class java/lang/Class done


Dynamic libraries:
0x00007ff75f200000 - 0x00007ff75f234000 	C:\Program Files\Java\jre1.8.0_25\bin\javaw.exe
0x00007ffad6750000 - 0x00007ffad68f6000 	C:\Windows\SYSTEM32\ntdll.dll
0x00007ffad4390000 - 0x00007ffad44ca000 	C:\Windows\system32\KERNEL32.DLL
0x00007ffad3e70000 - 0x00007ffad3f7f000 	C:\Windows\system32\KERNELBASE.dll
0x00007ffad1cd0000 - 0x00007ffad1d58000 	C:\Windows\system32\apphelp.dll
0x00007fface6f0000 - 0x00007fface73f000 	C:\Windows\AppPatch\AppPatch64\AcGenral.DLL
0x00007ffad4800000 - 0x00007ffad48a7000 	C:\Windows\system32\msvcrt.dll
0x00007ffad3470000 - 0x00007ffad349b000 	C:\Windows\SYSTEM32\SspiCli.dll
0x00007ffad63d0000 - 0x00007ffad6421000 	C:\Windows\system32\SHLWAPI.dll
0x00007ffad4530000 - 0x00007ffad46a1000 	C:\Windows\system32\USER32.dll
0x00007ffad3fd0000 - 0x00007ffad4148000 	C:\Windows\system32\ole32.dll
0x00007ffad48c0000 - 0x00007ffad5ccf000 	C:\Windows\system32\SHELL32.dll
0x00007ffad2c90000 - 0x00007ffad2cae000 	C:\Windows\SYSTEM32\USERENV.dll
0x00007ffad6250000 - 0x00007ffad62f5000 	C:\Windows\system32\ADVAPI32.dll
0x00007ffac3a30000 - 0x00007ffac3a4b000 	C:\Windows\SYSTEM32\MPR.dll
0x00007ffad5d40000 - 0x00007ffad5e77000 	C:\Windows\system32\RPCRT4.dll
0x00007ffad44d0000 - 0x00007ffad4527000 	C:\Windows\SYSTEM32\sechost.dll
0x00007ffad5e80000 - 0x00007ffad6056000 	C:\Windows\SYSTEM32\combase.dll
0x00007ffad6100000 - 0x00007ffad6244000 	C:\Windows\system32\GDI32.dll
0x00007ffad3ac0000 - 0x00007ffad3ad4000 	C:\Windows\SYSTEM32\profapi.dll
0x00007ffad34d0000 - 0x00007ffad356f000 	C:\Windows\SYSTEM32\SHCORE.dll
0x00007ffad66e0000 - 0x00007ffad6714000 	C:\Windows\system32\IMM32.DLL
0x00007ffad46b0000 - 0x00007ffad47e9000 	C:\Windows\system32\MSCTF.dll
0x00007ffad35e0000 - 0x00007ffad383a000 	C:\Windows\WinSxS\amd64_microsoft.windows.common-controls_6595b64144ccf1df_6.0.9600.17031_none_6242a4b3ecbb55a1\COMCTL32.dll
0x00000000769e0000 - 0x0000000076ab2000 	C:\Program Files\Java\jre1.8.0_25\bin\msvcr100.dll
0x0000000076180000 - 0x00000000769da000 	C:\Program Files\Java\jre1.8.0_25\bin\server\jvm.dll
0x00007ffacc2c0000 - 0x00007ffacc2c9000 	C:\Windows\SYSTEM32\WSOCK32.dll
0x00007ffad1180000 - 0x00007ffad119f000 	C:\Windows\SYSTEM32\WINMM.dll
0x00007ffad47f0000 - 0x00007ffad47f7000 	C:\Windows\system32\PSAPI.DLL
0x00007ffad5ce0000 - 0x00007ffad5d38000 	C:\Windows\system32\WS2_32.dll
0x00007ffad1130000 - 0x00007ffad115a000 	C:\Windows\SYSTEM32\WINMMBASE.dll
0x00007ffad48b0000 - 0x00007ffad48b9000 	C:\Windows\system32\NSI.dll
0x00007ffad3f80000 - 0x00007ffad3fca000 	C:\Windows\SYSTEM32\cfgmgr32.dll
0x00007ffad1f40000 - 0x00007ffad1f66000 	C:\Windows\SYSTEM32\DEVOBJ.dll
0x0000000076170000 - 0x000000007617f000 	C:\Program Files\Java\jre1.8.0_25\bin\verify.dll
0x0000000076140000 - 0x0000000076168000 	C:\Program Files\Java\jre1.8.0_25\bin\java.dll
0x0000000076120000 - 0x0000000076136000 	C:\Program Files\Java\jre1.8.0_25\bin\zip.dll
0x00007ffac5ea0000 - 0x00007ffac6028000 	C:\Windows\SYSTEM32\dbghelp.dll

VM Arguments:
jvm_args: -Dfile.encoding=Cp1252 -Xbootclasspath:C:\Users\Jurgen\android-sdks\platforms\android-19\android.jar 
java_command: nacho
java_class_path (initial): C:\Users\Jurgen\Desktop\salvada2\Prolenguajes\libs\android-support-v4.jar;C:\Users\Jurgen\Desktop\salvada2\Prolenguajes\bin\classes
Launcher Type: SUN_STANDARD

Environment Variables:
JAVA_HOME=C:\Program Files (x86)\Java\jdk1.7.0_67
PATH=C:\ProgramData\Oracle\Java\javapath;;C:\android\sdk\platform-tools;C:\android\sdk\tools;C:\Program Files (x86)\Java\jdk1.7.0_67\bin;%ANT_HOME%\bin;c:\Program Files\Intel\WiFi\bin\;c:\Program Files\Common Files\Intel\WirelessCommon\
USERNAME=Jurgen
OS=Windows_NT
PROCESSOR_IDENTIFIER=Intel64 Family 6 Model 60 Stepping 3, GenuineIntel



---------------  S Y S T E M  ---------------

OS: Windows 8.1 , 64 bit Build 9600 

CPU:total 8 (4 cores per cpu, 2 threads per core) family 6 model 60 stepping 3, cmov, cx8, fxsr, mmx, sse, sse2, sse3, ssse3, sse4.1, sse4.2, popcnt, avx, avx2, aes, clmul, erms, lzcnt, ht, tsc, tscinvbit, bmi1, bmi2

Memory: 4k page, physical 12513304k(8473324k free), swap 25096216k(20378176k free)

vm_info: Java HotSpot(TM) 64-Bit Server VM (25.25-b02) for windows-amd64 JRE (1.8.0_25-b18), built on Oct  7 2014 14:25:37 by "java_re" with MS VC++ 10.0 (VS2010)

time: Thu Nov 20 01:44:17 2014
elapsed time: 0 seconds (0d 0h 0m 0s)

